<?xml version="1.0" encoding="UTF-8"?>
<testng-results skipped="0" failed="0" ignored="0" total="1" passed="1">
  <reporter-output>
  </reporter-output>
  <suite name="Suite" duration-ms="20385" started-at="2020-03-13T17:04:03 IST" finished-at="2020-03-13T17:04:23 IST">
    <groups>
    </groups>
    <test name="Test" duration-ms="20385" started-at="2020-03-13T17:04:03 IST" finished-at="2020-03-13T17:04:23 IST">
      <class name="FullProjectSetUp.JenkinGitPracties.SeleniumDemlo">
        <test-method status="PASS" signature="browserLaunching()[pri:0, instance:FullProjectSetUp.JenkinGitPracties.SeleniumDemlo@1786dec2]" name="browserLaunching" duration-ms="20311" started-at="2020-03-13T17:04:03 IST" finished-at="2020-03-13T17:04:23 IST">
          <reporter-output>
          </reporter-output>
        </test-method> <!-- browserLaunching -->
      </class> <!-- FullProjectSetUp.JenkinGitPracties.SeleniumDemlo -->
    </test> <!-- Test -->
  </suite> <!-- Suite -->
</testng-results>
