<?xml version="1.0" encoding="UTF-8"?>
<testng-results skipped="0" failed="0" ignored="0" total="1" passed="1">
  <reporter-output>
  </reporter-output>
  <suite name="Command line suite" duration-ms="7" started-at="2020-03-13T10:10:16Z" finished-at="2020-03-13T10:10:16Z">
    <groups>
    </groups>
    <test name="Command line test" duration-ms="7" started-at="2020-03-13T10:10:16Z" finished-at="2020-03-13T10:10:16Z">
      <class name="FullProjectSetUp.JenkinGitPracties.AppTest">
        <test-method status="PASS" signature="testApp()[pri:0, instance:testApp(FullProjectSetUp.JenkinGitPracties.AppTest)]" name="testApp" duration-ms="0" started-at="2020-03-13T10:10:16Z" finished-at="2020-03-13T10:10:16Z">
          <reporter-output>
          </reporter-output>
        </test-method> <!-- testApp -->
      </class> <!-- FullProjectSetUp.JenkinGitPracties.AppTest -->
    </test> <!-- Command line test -->
  </suite> <!-- Command line suite -->
</testng-results>
