<?xml version="1.0" encoding="UTF-8"?>
<testng-results skipped="0" failed="0" ignored="0" total="1" passed="1">
  <reporter-output>
  </reporter-output>
  <suite name="Command line suite" duration-ms="19820" started-at="2020-03-13T10:09:56Z" finished-at="2020-03-13T10:10:16Z">
    <groups>
    </groups>
    <test name="Command line test" duration-ms="19820" started-at="2020-03-13T10:09:56Z" finished-at="2020-03-13T10:10:16Z">
      <class name="FullProjectSetUp.JenkinGitPracties.Test_SeleniumDemlo">
        <test-method status="PASS" signature="browserLaunching()[pri:0, instance:FullProjectSetUp.JenkinGitPracties.Test_SeleniumDemlo@15975490]" name="browserLaunching" duration-ms="19790" started-at="2020-03-13T10:09:56Z" finished-at="2020-03-13T10:10:16Z">
          <reporter-output>
          </reporter-output>
        </test-method> <!-- browserLaunching -->
      </class> <!-- FullProjectSetUp.JenkinGitPracties.Test_SeleniumDemlo -->
    </test> <!-- Command line test -->
  </suite> <!-- Command line suite -->
</testng-results>
